<?xml version="1.0" encoding="UTF-8"?>
<!-- Generated by org.testng.reporters.JUnitReportReporter -->
<testsuite hostname="Arvind-PC" name="Test1" tests="3" failures="0" timestamp="4 Jun 2019 18:27:46 GMT" time="0.031" errors="0">
  <testcase name="tc2" time="0.000" classname="Test1"/>
  <testcase name="tc3" time="0.000" classname="Test1"/>
  <testcase name="tc1" time="0.031" classname="Test1"/>
</testsuite> <!-- Test1 -->
